<?xml version="1.0" encoding="UTF-8"?>
<testng-results ignored="0" total="16" passed="16" failed="0" skipped="0">
  <reporter-output>
  </reporter-output>
  <suite started-at="2022-07-14T20:47:20 IST" name="both" finished-at="2022-07-14T20:47:20 IST" duration-ms="184">
    <groups>
      <group name="regration">
        <method signature="Byyyyy.haveyou()[pri:0, instance:samplemavenprojecr.Byyyyy@618425b5]" name="haveyou" class="samplemavenprojecr.Byyyyy"/>
        <method signature="Byyyyy.haveyou()[pri:0, instance:samplemavenprojecr11.Byyyyy@6cd28fa7]" name="haveyou" class="samplemavenprojecr11.Byyyyy"/>
        <method signature="HiiiiiDeep.have()[pri:0, instance:samplemavenprojecr.HiiiiiDeep@614ca7df]" name="have" class="samplemavenprojecr.HiiiiiDeep"/>
        <method signature="HiiiiiDeep.have()[pri:0, instance:samplemavenprojecr11.HiiiiiDeep@58695725]" name="have" class="samplemavenprojecr11.HiiiiiDeep"/>
        <method signature="Youuu.have11()[pri:0, instance:samplemavenprojecr.Youuu@1e04fa0a]" name="have11" class="samplemavenprojecr.Youuu"/>
        <method signature="Youuu.have11()[pri:0, instance:samplemavenprojecr11.Youuu@18d87d80]" name="have11" class="samplemavenprojecr11.Youuu"/>
      </group> <!-- regration -->
      <group name="smoke">
        <method signature="Byyyyy.hellodeepa()[pri:0, instance:samplemavenprojecr.Byyyyy@618425b5]" name="hellodeepa" class="samplemavenprojecr.Byyyyy"/>
        <method signature="Byyyyy.hellodeepa()[pri:0, instance:samplemavenprojecr11.Byyyyy@6cd28fa7]" name="hellodeepa" class="samplemavenprojecr11.Byyyyy"/>
        <method signature="HiiiiiDeep.hellodee()[pri:0, instance:samplemavenprojecr.HiiiiiDeep@614ca7df]" name="hellodee" class="samplemavenprojecr.HiiiiiDeep"/>
        <method signature="HiiiiiDeep.hellodee()[pri:0, instance:samplemavenprojecr11.HiiiiiDeep@58695725]" name="hellodee" class="samplemavenprojecr11.HiiiiiDeep"/>
        <method signature="Youuu.hellodee11()[pri:0, instance:samplemavenprojecr.Youuu@1e04fa0a]" name="hellodee11" class="samplemavenprojecr.Youuu"/>
        <method signature="Youuu.hellodee11()[pri:0, instance:samplemavenprojecr11.Youuu@18d87d80]" name="hellodee11" class="samplemavenprojecr11.Youuu"/>
      </group> <!-- smoke -->
    </groups>
    <test started-at="2022-07-14T20:47:20 IST" name="Test" finished-at="2022-07-14T20:47:20 IST" duration-ms="184">
      <class name="samplemavenprojecr.Byyyyy">
        <test-method signature="haveyou()[pri:0, instance:samplemavenprojecr.Byyyyy@618425b5]" started-at="2022-07-14T20:47:20 IST" name="haveyou" finished-at="2022-07-14T20:47:20 IST" duration-ms="3" status="PASS">
          <reporter-output>
          </reporter-output>
        </test-method> <!-- haveyou -->
        <test-method signature="hellodeepa()[pri:0, instance:samplemavenprojecr.Byyyyy@618425b5]" started-at="2022-07-14T20:47:20 IST" name="hellodeepa" finished-at="2022-07-14T20:47:20 IST" duration-ms="3" status="PASS">
          <reporter-output>
          </reporter-output>
        </test-method> <!-- hellodeepa -->
      </class> <!-- samplemavenprojecr.Byyyyy -->
      <class name="samplemavenprojecr.ILu">
        <test-method signature="iHu()[pri:0, instance:samplemavenprojecr.ILu@1af2d44a]" started-at="2022-07-14T20:47:20 IST" name="iHu" finished-at="2022-07-14T20:47:20 IST" duration-ms="2" status="PASS">
          <reporter-output>
          </reporter-output>
        </test-method> <!-- iHu -->
        <test-method signature="iluu()[pri:0, instance:samplemavenprojecr.ILu@1af2d44a]" started-at="2022-07-14T20:47:20 IST" name="iluu" finished-at="2022-07-14T20:47:20 IST" duration-ms="1" status="PASS">
          <reporter-output>
          </reporter-output>
        </test-method> <!-- iluu -->
      </class> <!-- samplemavenprojecr.ILu -->
      <class name="samplemavenprojecr11.Youuu">
        <test-method signature="have11()[pri:0, instance:samplemavenprojecr11.Youuu@18d87d80]" started-at="2022-07-14T20:47:20 IST" name="have11" finished-at="2022-07-14T20:47:20 IST" duration-ms="2" status="PASS">
          <reporter-output>
          </reporter-output>
        </test-method> <!-- have11 -->
        <test-method signature="hellodee11()[pri:0, instance:samplemavenprojecr11.Youuu@18d87d80]" started-at="2022-07-14T20:47:20 IST" name="hellodee11" finished-at="2022-07-14T20:47:20 IST" duration-ms="1" status="PASS">
          <reporter-output>
          </reporter-output>
        </test-method> <!-- hellodee11 -->
      </class> <!-- samplemavenprojecr11.Youuu -->
      <class name="samplemavenprojecr11.ILu">
        <test-method signature="iHu()[pri:0, instance:samplemavenprojecr11.ILu@71def8f8]" started-at="2022-07-14T20:47:20 IST" name="iHu" finished-at="2022-07-14T20:47:20 IST" duration-ms="12" status="PASS">
          <reporter-output>
          </reporter-output>
        </test-method> <!-- iHu -->
        <test-method signature="iluu()[pri:0, instance:samplemavenprojecr11.ILu@71def8f8]" started-at="2022-07-14T20:47:20 IST" name="iluu" finished-at="2022-07-14T20:47:20 IST" duration-ms="3" status="PASS">
          <reporter-output>
          </reporter-output>
        </test-method> <!-- iluu -->
      </class> <!-- samplemavenprojecr11.ILu -->
      <class name="samplemavenprojecr.HiiiiiDeep">
        <test-method signature="have()[pri:0, instance:samplemavenprojecr.HiiiiiDeep@614ca7df]" started-at="2022-07-14T20:47:20 IST" name="have" finished-at="2022-07-14T20:47:20 IST" duration-ms="4" status="PASS">
          <reporter-output>
          </reporter-output>
        </test-method> <!-- have -->
        <test-method signature="hellodee()[pri:0, instance:samplemavenprojecr.HiiiiiDeep@614ca7df]" started-at="2022-07-14T20:47:20 IST" name="hellodee" finished-at="2022-07-14T20:47:20 IST" duration-ms="10" status="PASS">
          <reporter-output>
          </reporter-output>
        </test-method> <!-- hellodee -->
      </class> <!-- samplemavenprojecr.HiiiiiDeep -->
      <class name="samplemavenprojecr.Youuu">
        <test-method signature="have11()[pri:0, instance:samplemavenprojecr.Youuu@1e04fa0a]" started-at="2022-07-14T20:47:20 IST" name="have11" finished-at="2022-07-14T20:47:20 IST" duration-ms="2" status="PASS">
          <reporter-output>
          </reporter-output>
        </test-method> <!-- have11 -->
        <test-method signature="hellodee11()[pri:0, instance:samplemavenprojecr.Youuu@1e04fa0a]" started-at="2022-07-14T20:47:20 IST" name="hellodee11" finished-at="2022-07-14T20:47:20 IST" duration-ms="3" status="PASS">
          <reporter-output>
          </reporter-output>
        </test-method> <!-- hellodee11 -->
      </class> <!-- samplemavenprojecr.Youuu -->
      <class name="samplemavenprojecr11.Byyyyy">
        <test-method signature="haveyou()[pri:0, instance:samplemavenprojecr11.Byyyyy@6cd28fa7]" started-at="2022-07-14T20:47:20 IST" name="haveyou" finished-at="2022-07-14T20:47:20 IST" duration-ms="3" status="PASS">
          <reporter-output>
          </reporter-output>
        </test-method> <!-- haveyou -->
        <test-method signature="hellodeepa()[pri:0, instance:samplemavenprojecr11.Byyyyy@6cd28fa7]" started-at="2022-07-14T20:47:20 IST" name="hellodeepa" finished-at="2022-07-14T20:47:20 IST" duration-ms="3" status="PASS">
          <reporter-output>
          </reporter-output>
        </test-method> <!-- hellodeepa -->
      </class> <!-- samplemavenprojecr11.Byyyyy -->
      <class name="samplemavenprojecr11.HiiiiiDeep">
        <test-method signature="have()[pri:0, instance:samplemavenprojecr11.HiiiiiDeep@58695725]" started-at="2022-07-14T20:47:20 IST" name="have" finished-at="2022-07-14T20:47:20 IST" duration-ms="1" status="PASS">
          <reporter-output>
          </reporter-output>
        </test-method> <!-- have -->
        <test-method signature="hellodee()[pri:0, instance:samplemavenprojecr11.HiiiiiDeep@58695725]" started-at="2022-07-14T20:47:20 IST" name="hellodee" finished-at="2022-07-14T20:47:20 IST" duration-ms="2" status="PASS">
          <reporter-output>
          </reporter-output>
        </test-method> <!-- hellodee -->
      </class> <!-- samplemavenprojecr11.HiiiiiDeep -->
    </test> <!-- Test -->
  </suite> <!-- both -->
</testng-results>
