<?xml version="1.0" encoding="UTF-8"?>
<!-- Generated by org.testng.reporters.JUnitXMLReporter -->
<testsuite ignored="0" hostname="DESKTOP-J9EO0C6" failures="0" tests="8" name="Test" time="0.137" errors="0" timestamp="2022-07-14T20:08:42 IST">
  <testcase classname="samplemavenprojecr.HiiiiiDeep" name="have" time="0.014"/>
  <testcase classname="samplemavenprojecr.HiiiiiDeep" name="hellodee" time="0.002"/>
  <testcase classname="samplemavenprojecr.Youuu" name="have11" time="0.004"/>
  <testcase classname="samplemavenprojecr.Youuu" name="hellodee11" time="0.002"/>
  <testcase classname="samplemavenprojecr.ILu" name="iHu" time="0.003"/>
  <testcase classname="samplemavenprojecr.ILu" name="iluu" time="0.003"/>
  <testcase classname="samplemavenprojecr.Byyyyy" name="haveyou" time="0.001"/>
  <testcase classname="samplemavenprojecr.Byyyyy" name="hellodeepa" time="0.002"/>
</testsuite> <!-- Test -->
